<?xml version="1.0" encoding="UTF-8"?>
<project version="4">
  <component name="JUnitGeneratorProjectSettings">
    <option name="outputFilePattern" value="$PROJECT_DIR$/../kof_server/KOF_GS/src/com/playcrab/kof/gs/test/fn/${FILENAME}" />
    <option name="selectedTemplateKey" value="JUnit 4" />
    <option name="vmTemplates">
      <map>
        <entry key="JUnit 3" value="######################################################################################## &#10;## &#10;## Available variables: &#10;##         $entryList.methodList - List of method composites &#10;##         $entryList.privateMethodList - List of private method composites &#10;##         $entryList.fieldList - ArrayList of class scope field names &#10;##         $entryList.className - class name &#10;##         $entryList.packageName - package name &#10;##         $today - Todays date in MM/dd/yyyy format &#10;## &#10;##            MethodComposite variables: &#10;##                $method.name - Method Name &#10;##                $method.signature - Full method signature in String form &#10;##                $method.reflectionCode - list of strings representing commented out reflection code to access method (Private Methods) &#10;##                $method.paramNames - List of Strings representing the method's parameters' names &#10;##                $method.paramClasses - List of Strings representing the method's parameters' classes &#10;## &#10;## You can configure the output class name using &quot;testClass&quot; variable below. &#10;## Here are some examples: &#10;## Test${entry.ClassName} - will produce TestSomeClass &#10;## ${entry.className}Test - will produce SomeClassTest &#10;## &#10;######################################################################################## &#10;## &#10;#macro (cap $strIn)$strIn.valueOf($strIn.charAt(0)).toUpperCase()$strIn.substring(1)#end &#10;## Iterate through the list and generate testcase for every entry. &#10;#foreach ($entry in $entryList) &#10;#set( $testClass=&quot;${entry.className}Test&quot;) &#10;## &#10;package test.$entry.packageName; &#10;&#10;import junit.framework.Test; &#10;import junit.framework.TestSuite; &#10;import junit.framework.TestCase; &#10;&#10;/** &#10;* ${entry.className} Tester. &#10;* &#10;* @author &lt;Authors name&gt; &#10;* @since &lt;pre&gt;$today&lt;/pre&gt; &#10;* @version 1.0 &#10;*/ &#10;public class $testClass extends TestCase { &#10;public $testClass(String name) { &#10;super(name); &#10;} &#10;&#10;public void setUp() throws Exception { &#10;super.setUp(); &#10;} &#10;&#10;public void tearDown() throws Exception { &#10;super.tearDown(); &#10;} &#10;&#10;#foreach($method in $entry.methodList) &#10;/** &#10;* &#10;* Method: $method.signature &#10;* &#10;*/ &#10;public void test#cap(${method.name})() throws Exception { &#10;//TODO: Test goes here... &#10;} &#10;&#10;#end &#10;&#10;#foreach($method in $entry.privateMethodList) &#10;/** &#10;* &#10;* Method: $method.signature &#10;* &#10;*/ &#10;public void test#cap(${method.name})() throws Exception { &#10;//TODO: Test goes here... &#10;#foreach($string in $method.reflectionCode) &#10;$string &#10;#end &#10;} &#10;&#10;#end &#10;&#10;public static Test suite() { &#10;return new TestSuite(${testClass}.class); &#10;} &#10;} &#10;#end" />
        <entry key="JUnit 4" value="######################################################################################## &#10;## &#10;## Available variables: &#10;##         $entryList.methodList - List of method composites &#10;##         $entryList.privateMethodList - List of private method composites &#10;##         $entryList.fieldList - ArrayList of class scope field names &#10;##         $entryList.className - class name &#10;##         $entryList.packageName - package name &#10;##         $today - Todays date in MM/dd/yyyy format &#10;## &#10;##            MethodComposite variables: &#10;##                $method.name - Method Name &#10;##                $method.signature - Full method signature in String form &#10;##                $method.reflectionCode - list of strings representing commented out reflection code to access method (Private Methods) &#10;##                $method.paramNames - List of Strings representing the method's parameters' names &#10;##                $method.paramClasses - List of Strings representing the method's parameters' classes &#10;## &#10;## You can configure the output class name using &quot;testClass&quot; variable below. &#10;## Here are some examples: &#10;## Test${entry.ClassName} - will produce TestSomeClass &#10;## ${entry.className}Test - will produce SomeClassTest &#10;## &#10;######################################################################################## &#10;## &#10;#macro (cap $strIn)$strIn.valueOf($strIn.charAt(0)).toUpperCase()$strIn.substring(1)#end &#10;## Iterate through the list and generate testcase for every entry. &#10;#foreach ($entry in $entryList) &#10;#set( $testClass=&quot;${entry.className}Test&quot;) &#10;## &#10;##package test.$entry.packageName; &#10;package com.playcrab.kof.gs.test.fn; &#10;&#10;import org.junit.After;&#10;import org.junit.BeforeClass;&#10;import org.junit.FixMethodOrder;&#10;import org.junit.Test;&#10;import org.junit.runners.MethodSorters;&#10;import org.slf4j.Logger;&#10;import org.slf4j.LoggerFactory;&#10;import org.springframework.context.ConfigurableApplicationContext;&#10;import org.springframework.context.support.ClassPathXmlApplicationContext;&#10;&#10;import com.playcrab.kof.gs.GameServer;&#10;import com.playcrab.kof.gs.config.GSRuntimeConfig;&#10;import com.playcrab.kof.gs.entity.mongo.PlayerRole;&#10;import com.playcrab.kof.gs.service.DataConfigService;&#10;import com.playcrab.kof.gs.service.PlayerService;&#10;import com.playcrab.kof.gs.util.DataConfigSettingCollection;&#10;&#10;/** &#10;* ${entry.className} Tester. &#10;* &#10;* @author &lt;Authors name&gt; &#10;* @since &lt;pre&gt;$date&lt;/pre&gt; &#10;* @version 1.0 &#10;*/ &#10;@FixMethodOrder(MethodSorters.JVM)&#10;public class $testClass { &#10;&#10;private static Logger logger = LoggerFactory.getLogger(ActivityTest.class);&#10;&#10;private static ConfigurableApplicationContext context;&#10;&#10;private static PlayerRole pr;&#10;&#10;private static PlayerService playerService;&#10;    &#10;@BeforeClass&#10;public static void setUpBeforeClass() throws Exception {&#10;    GameServer.init();&#10;  GSRuntimeConfig conf = GSRuntimeConfig.instance;&#10;  logger.info(&quot;data setting collection data config version = [{}]&quot;, conf.getDataConfigVersion());&#10;  DataConfigSettingCollection.setName(conf.getDataConfigVersion());&#10;  context = new ClassPathXmlApplicationContext(&quot;classpath:applicationContext.xml&quot;);&#10;  DataConfigService.init(context);&#10;  GameServer.setContext(context);&#10;  playerService = context.getBean(PlayerService.class);&#10;  int uid = 88;&#10;  pr = playerService.getPlayerByUid(GSRuntimeConfig.instance.getServerId(), uid);&#10;  if (pr == null) {&#10;    String nickName = String.format(&quot;%s_%s&quot;, &quot;gondor111&quot;, uid);&#10;    pr = playerService.createNewPlayer(GSRuntimeConfig.instance.getServerId(), uid, nickName);&#10;   } &#10;}&#10;&#10;&#10;@After&#10;public void after() throws Exception { &#10;} &#10;&#10;#foreach($method in $entry.methodList) &#10;/** &#10;* &#10;* Method: $method.signature &#10;* &#10;*/ &#10;@Test&#10;public void test#cap(${method.name})() throws Exception { &#10;//TODO: Test goes here... &#10;} &#10;&#10;#end &#10;&#10;#foreach($method in $entry.privateMethodList) &#10;/** &#10;* &#10;* Method: $method.signature &#10;* &#10;*/ &#10;@Test&#10;public void test#cap(${method.name})() throws Exception { &#10;//TODO: Test goes here... &#10;#foreach($string in $method.reflectionCode) &#10;$string &#10;#end &#10;} &#10;&#10;#end &#10;} &#10;#end" />
      </map>
    </option>
  </component>
</project>